[  1%] Built target sim_msgs__cpp
[ 12%] Built target sim_msgs__rosidl_generator_c
[ 12%] Built target ament_cmake_python_copy_sim_msgs
[ 23%] Built target sim_msgs__rosidl_typesupport_c
[ 34%] Built target sim_msgs__rosidl_typesupport_introspection_c
[ 45%] Built target sim_msgs__rosidl_typesupport_fastrtps_cpp
[ 58%] Built target sim_msgs__rosidl_typesupport_introspection_cpp
[ 67%] Built target sim_msgs__rosidl_typesupport_cpp
[ 78%] Built target sim_msgs__rosidl_typesupport_fastrtps_c
[ 78%] Built target sim_msgs
[ 80%] Built target sim_msgs__py
[ 89%] Built target sim_msgs__rosidl_generator_py
[ 92%] Built target sim_msgs__rosidl_typesupport_fastrtps_c__pyext
[ 96%] Built target sim_msgs__rosidl_typesupport_c__pyext
[100%] Built target sim_msgs__rosidl_typesupport_introspection_c__pyext
running egg_info
writing sim_msgs.egg-info/PKG-INFO
writing dependency_links to sim_msgs.egg-info/dependency_links.txt
writing top-level names to sim_msgs.egg-info/top_level.txt
reading manifest file 'sim_msgs.egg-info/SOURCES.txt'
writing manifest file 'sim_msgs.egg-info/SOURCES.txt'
[100%] Built target ament_cmake_python_build_sim_msgs_egg
-- Install configuration: ""
-- Up-to-date: /home/brock/Documents/Research/ros_ws/install/sim_msgs/share/ament_index/resource_index/rosidl_interfaces/sim_msgs
-- Up-to-date: /home/brock/Documents/Research/ros_ws/install/sim_msgs/include/sim_msgs/sim_msgs
-- Up-to-date: /home/brock/Documents/Research/ros_ws/install/sim_msgs/include/sim_msgs/sim_msgs/msg
-- Up-to-date: /home/brock/Documents/Research/ros_ws/install/sim_msgs/include/sim_msgs/sim_msgs/msg/filter.h
-- Up-to-date: /home/brock/Documents/Research/ros_ws/install/sim_msgs/include/sim_msgs/sim_msgs/msg/rosidl_generator_c__visibility_control.h
-- Up-to-date: /home/brock/Documents/Research/ros_ws/install/sim_msgs/include/sim_msgs/sim_msgs/msg/packet.h
-- Up-to-date: /home/brock/Documents/Research/ros_ws/install/sim_msgs/include/sim_msgs/sim_msgs/msg/joint_current.h
-- Up-to-date: /home/brock/Documents/Research/ros_ws/install/sim_msgs/include/sim_msgs/sim_msgs/msg/joint_torque.h
-- Up-to-date: /home/brock/Documents/Research/ros_ws/install/sim_msgs/include/sim_msgs/sim_msgs/msg/detail
-- Up-to-date: /home/brock/Documents/Research/ros_ws/install/sim_msgs/include/sim_msgs/sim_msgs/msg/detail/joint_current__type_support.h
-- Up-to-date: /home/brock/Documents/Research/ros_ws/install/sim_msgs/include/sim_msgs/sim_msgs/msg/detail/filter__struct.h
-- Up-to-date: /home/brock/Documents/Research/ros_ws/install/sim_msgs/include/sim_msgs/sim_msgs/msg/detail/joint_torque__functions.c
-- Up-to-date: /home/brock/Documents/Research/ros_ws/install/sim_msgs/include/sim_msgs/sim_msgs/msg/detail/packet__functions.c
-- Up-to-date: /home/brock/Documents/Research/ros_ws/install/sim_msgs/include/sim_msgs/sim_msgs/msg/detail/joint_torque__type_support.h
-- Up-to-date: /home/brock/Documents/Research/ros_ws/install/sim_msgs/include/sim_msgs/sim_msgs/msg/detail/packet__type_support.h
-- Up-to-date: /home/brock/Documents/Research/ros_ws/install/sim_msgs/include/sim_msgs/sim_msgs/msg/detail/joint_current__functions.h
-- Up-to-date: /home/brock/Documents/Research/ros_ws/install/sim_msgs/include/sim_msgs/sim_msgs/msg/detail/packet__struct.h
-- Up-to-date: /home/brock/Documents/Research/ros_ws/install/sim_msgs/include/sim_msgs/sim_msgs/msg/detail/filter__functions.h
-- Up-to-date: /home/brock/Documents/Research/ros_ws/install/sim_msgs/include/sim_msgs/sim_msgs/msg/detail/filter__functions.c
-- Up-to-date: /home/brock/Documents/Research/ros_ws/install/sim_msgs/include/sim_msgs/sim_msgs/msg/detail/joint_torque__functions.h
-- Up-to-date: /home/brock/Documents/Research/ros_ws/install/sim_msgs/include/sim_msgs/sim_msgs/msg/detail/joint_torque__struct.h
-- Up-to-date: /home/brock/Documents/Research/ros_ws/install/sim_msgs/include/sim_msgs/sim_msgs/msg/detail/filter__type_support.h
-- Up-to-date: /home/brock/Documents/Research/ros_ws/install/sim_msgs/include/sim_msgs/sim_msgs/msg/detail/packet__functions.h
-- Up-to-date: /home/brock/Documents/Research/ros_ws/install/sim_msgs/include/sim_msgs/sim_msgs/msg/detail/joint_current__functions.c
-- Up-to-date: /home/brock/Documents/Research/ros_ws/install/sim_msgs/include/sim_msgs/sim_msgs/msg/detail/joint_current__struct.h
-- Up-to-date: /home/brock/Documents/Research/ros_ws/install/sim_msgs/share/sim_msgs/environment/library_path.sh
-- Up-to-date: /home/brock/Documents/Research/ros_ws/install/sim_msgs/share/sim_msgs/environment/library_path.dsv
-- Up-to-date: /home/brock/Documents/Research/ros_ws/install/sim_msgs/lib/libsim_msgs__rosidl_generator_c.so
-- Up-to-date: /home/brock/Documents/Research/ros_ws/install/sim_msgs/include/sim_msgs/sim_msgs
-- Up-to-date: /home/brock/Documents/Research/ros_ws/install/sim_msgs/include/sim_msgs/sim_msgs/msg
-- Up-to-date: /home/brock/Documents/Research/ros_ws/install/sim_msgs/include/sim_msgs/sim_msgs/msg/rosidl_typesupport_fastrtps_c__visibility_control.h
-- Up-to-date: /home/brock/Documents/Research/ros_ws/install/sim_msgs/include/sim_msgs/sim_msgs/msg/detail
-- Up-to-date: /home/brock/Documents/Research/ros_ws/install/sim_msgs/include/sim_msgs/sim_msgs/msg/detail/filter__rosidl_typesupport_fastrtps_c.h
-- Up-to-date: /home/brock/Documents/Research/ros_ws/install/sim_msgs/include/sim_msgs/sim_msgs/msg/detail/joint_current__rosidl_typesupport_fastrtps_c.h
-- Up-to-date: /home/brock/Documents/Research/ros_ws/install/sim_msgs/include/sim_msgs/sim_msgs/msg/detail/joint_torque__rosidl_typesupport_fastrtps_c.h
-- Up-to-date: /home/brock/Documents/Research/ros_ws/install/sim_msgs/include/sim_msgs/sim_msgs/msg/detail/packet__rosidl_typesupport_fastrtps_c.h
-- Up-to-date: /home/brock/Documents/Research/ros_ws/install/sim_msgs/lib/libsim_msgs__rosidl_typesupport_fastrtps_c.so
-- Up-to-date: /home/brock/Documents/Research/ros_ws/install/sim_msgs/include/sim_msgs/sim_msgs
-- Up-to-date: /home/brock/Documents/Research/ros_ws/install/sim_msgs/include/sim_msgs/sim_msgs/msg
-- Up-to-date: /home/brock/Documents/Research/ros_ws/install/sim_msgs/include/sim_msgs/sim_msgs/msg/packet.hpp
-- Up-to-date: /home/brock/Documents/Research/ros_ws/install/sim_msgs/include/sim_msgs/sim_msgs/msg/filter.hpp
-- Up-to-date: /home/brock/Documents/Research/ros_ws/install/sim_msgs/include/sim_msgs/sim_msgs/msg/joint_current.hpp
-- Up-to-date: /home/brock/Documents/Research/ros_ws/install/sim_msgs/include/sim_msgs/sim_msgs/msg/joint_torque.hpp
-- Up-to-date: /home/brock/Documents/Research/ros_ws/install/sim_msgs/include/sim_msgs/sim_msgs/msg/detail
-- Up-to-date: /home/brock/Documents/Research/ros_ws/install/sim_msgs/include/sim_msgs/sim_msgs/msg/detail/filter__traits.hpp
-- Up-to-date: /home/brock/Documents/Research/ros_ws/install/sim_msgs/include/sim_msgs/sim_msgs/msg/detail/packet__builder.hpp
-- Up-to-date: /home/brock/Documents/Research/ros_ws/install/sim_msgs/include/sim_msgs/sim_msgs/msg/detail/joint_current__traits.hpp
-- Up-to-date: /home/brock/Documents/Research/ros_ws/install/sim_msgs/include/sim_msgs/sim_msgs/msg/detail/joint_torque__traits.hpp
-- Up-to-date: /home/brock/Documents/Research/ros_ws/install/sim_msgs/include/sim_msgs/sim_msgs/msg/detail/joint_torque__builder.hpp
-- Up-to-date: /home/brock/Documents/Research/ros_ws/install/sim_msgs/include/sim_msgs/sim_msgs/msg/detail/packet__traits.hpp
-- Up-to-date: /home/brock/Documents/Research/ros_ws/install/sim_msgs/include/sim_msgs/sim_msgs/msg/detail/filter__struct.hpp
-- Up-to-date: /home/brock/Documents/Research/ros_ws/install/sim_msgs/include/sim_msgs/sim_msgs/msg/detail/joint_current__struct.hpp
-- Up-to-date: /home/brock/Documents/Research/ros_ws/install/sim_msgs/include/sim_msgs/sim_msgs/msg/detail/joint_current__builder.hpp
-- Up-to-date: /home/brock/Documents/Research/ros_ws/install/sim_msgs/include/sim_msgs/sim_msgs/msg/detail/joint_torque__struct.hpp
-- Up-to-date: /home/brock/Documents/Research/ros_ws/install/sim_msgs/include/sim_msgs/sim_msgs/msg/detail/filter__builder.hpp
-- Up-to-date: /home/brock/Documents/Research/ros_ws/install/sim_msgs/include/sim_msgs/sim_msgs/msg/detail/packet__struct.hpp
-- Up-to-date: /home/brock/Documents/Research/ros_ws/install/sim_msgs/include/sim_msgs/sim_msgs
-- Up-to-date: /home/brock/Documents/Research/ros_ws/install/sim_msgs/include/sim_msgs/sim_msgs/msg
-- Up-to-date: /home/brock/Documents/Research/ros_ws/install/sim_msgs/include/sim_msgs/sim_msgs/msg/rosidl_typesupport_fastrtps_cpp__visibility_control.h
-- Up-to-date: /home/brock/Documents/Research/ros_ws/install/sim_msgs/include/sim_msgs/sim_msgs/msg/detail
-- Up-to-date: /home/brock/Documents/Research/ros_ws/install/sim_msgs/include/sim_msgs/sim_msgs/msg/detail/joint_torque__rosidl_typesupport_fastrtps_cpp.hpp
-- Up-to-date: /home/brock/Documents/Research/ros_ws/install/sim_msgs/include/sim_msgs/sim_msgs/msg/detail/filter__rosidl_typesupport_fastrtps_cpp.hpp
-- Up-to-date: /home/brock/Documents/Research/ros_ws/install/sim_msgs/include/sim_msgs/sim_msgs/msg/detail/dds_fastrtps
-- Up-to-date: /home/brock/Documents/Research/ros_ws/install/sim_msgs/include/sim_msgs/sim_msgs/msg/detail/packet__rosidl_typesupport_fastrtps_cpp.hpp
-- Up-to-date: /home/brock/Documents/Research/ros_ws/install/sim_msgs/include/sim_msgs/sim_msgs/msg/detail/joint_current__rosidl_typesupport_fastrtps_cpp.hpp
-- Up-to-date: /home/brock/Documents/Research/ros_ws/install/sim_msgs/lib/libsim_msgs__rosidl_typesupport_fastrtps_cpp.so
-- Up-to-date: /home/brock/Documents/Research/ros_ws/install/sim_msgs/include/sim_msgs/sim_msgs
-- Up-to-date: /home/brock/Documents/Research/ros_ws/install/sim_msgs/include/sim_msgs/sim_msgs/msg
-- Up-to-date: /home/brock/Documents/Research/ros_ws/install/sim_msgs/include/sim_msgs/sim_msgs/msg/rosidl_typesupport_introspection_c__visibility_control.h
-- Up-to-date: /home/brock/Documents/Research/ros_ws/install/sim_msgs/include/sim_msgs/sim_msgs/msg/detail
-- Up-to-date: /home/brock/Documents/Research/ros_ws/install/sim_msgs/include/sim_msgs/sim_msgs/msg/detail/joint_torque__type_support.c
-- Up-to-date: /home/brock/Documents/Research/ros_ws/install/sim_msgs/include/sim_msgs/sim_msgs/msg/detail/filter__type_support.c
-- Up-to-date: /home/brock/Documents/Research/ros_ws/install/sim_msgs/include/sim_msgs/sim_msgs/msg/detail/joint_current__rosidl_typesupport_introspection_c.h
-- Up-to-date: /home/brock/Documents/Research/ros_ws/install/sim_msgs/include/sim_msgs/sim_msgs/msg/detail/joint_current__type_support.c
-- Up-to-date: /home/brock/Documents/Research/ros_ws/install/sim_msgs/include/sim_msgs/sim_msgs/msg/detail/packet__type_support.c
-- Up-to-date: /home/brock/Documents/Research/ros_ws/install/sim_msgs/include/sim_msgs/sim_msgs/msg/detail/filter__rosidl_typesupport_introspection_c.h
-- Up-to-date: /home/brock/Documents/Research/ros_ws/install/sim_msgs/include/sim_msgs/sim_msgs/msg/detail/packet__rosidl_typesupport_introspection_c.h
-- Up-to-date: /home/brock/Documents/Research/ros_ws/install/sim_msgs/include/sim_msgs/sim_msgs/msg/detail/joint_torque__rosidl_typesupport_introspection_c.h
-- Up-to-date: /home/brock/Documents/Research/ros_ws/install/sim_msgs/lib/libsim_msgs__rosidl_typesupport_introspection_c.so
-- Up-to-date: /home/brock/Documents/Research/ros_ws/install/sim_msgs/lib/libsim_msgs__rosidl_typesupport_c.so
-- Up-to-date: /home/brock/Documents/Research/ros_ws/install/sim_msgs/include/sim_msgs/sim_msgs
-- Up-to-date: /home/brock/Documents/Research/ros_ws/install/sim_msgs/include/sim_msgs/sim_msgs/msg
-- Up-to-date: /home/brock/Documents/Research/ros_ws/install/sim_msgs/include/sim_msgs/sim_msgs/msg/detail
-- Up-to-date: /home/brock/Documents/Research/ros_ws/install/sim_msgs/include/sim_msgs/sim_msgs/msg/detail/joint_torque__type_support.cpp
-- Up-to-date: /home/brock/Documents/Research/ros_ws/install/sim_msgs/include/sim_msgs/sim_msgs/msg/detail/packet__rosidl_typesupport_introspection_cpp.hpp
-- Up-to-date: /home/brock/Documents/Research/ros_ws/install/sim_msgs/include/sim_msgs/sim_msgs/msg/detail/packet__type_support.cpp
-- Up-to-date: /home/brock/Documents/Research/ros_ws/install/sim_msgs/include/sim_msgs/sim_msgs/msg/detail/filter__rosidl_typesupport_introspection_cpp.hpp
-- Up-to-date: /home/brock/Documents/Research/ros_ws/install/sim_msgs/include/sim_msgs/sim_msgs/msg/detail/joint_current__rosidl_typesupport_introspection_cpp.hpp
-- Up-to-date: /home/brock/Documents/Research/ros_ws/install/sim_msgs/include/sim_msgs/sim_msgs/msg/detail/joint_current__type_support.cpp
-- Up-to-date: /home/brock/Documents/Research/ros_ws/install/sim_msgs/include/sim_msgs/sim_msgs/msg/detail/joint_torque__rosidl_typesupport_introspection_cpp.hpp
-- Up-to-date: /home/brock/Documents/Research/ros_ws/install/sim_msgs/include/sim_msgs/sim_msgs/msg/detail/filter__type_support.cpp
-- Up-to-date: /home/brock/Documents/Research/ros_ws/install/sim_msgs/lib/libsim_msgs__rosidl_typesupport_introspection_cpp.so
-- Up-to-date: /home/brock/Documents/Research/ros_ws/install/sim_msgs/lib/libsim_msgs__rosidl_typesupport_cpp.so
-- Up-to-date: /home/brock/Documents/Research/ros_ws/install/sim_msgs/share/sim_msgs/environment/pythonpath.sh
-- Up-to-date: /home/brock/Documents/Research/ros_ws/install/sim_msgs/share/sim_msgs/environment/pythonpath.dsv
-- Up-to-date: /home/brock/Documents/Research/ros_ws/install/sim_msgs/local/lib/python3.10/dist-packages/sim_msgs-0.0.1-py3.10.egg-info
-- Installing: /home/brock/Documents/Research/ros_ws/install/sim_msgs/local/lib/python3.10/dist-packages/sim_msgs-0.0.1-py3.10.egg-info/top_level.txt
-- Installing: /home/brock/Documents/Research/ros_ws/install/sim_msgs/local/lib/python3.10/dist-packages/sim_msgs-0.0.1-py3.10.egg-info/PKG-INFO
-- Installing: /home/brock/Documents/Research/ros_ws/install/sim_msgs/local/lib/python3.10/dist-packages/sim_msgs-0.0.1-py3.10.egg-info/dependency_links.txt
-- Installing: /home/brock/Documents/Research/ros_ws/install/sim_msgs/local/lib/python3.10/dist-packages/sim_msgs-0.0.1-py3.10.egg-info/SOURCES.txt
-- Up-to-date: /home/brock/Documents/Research/ros_ws/install/sim_msgs/local/lib/python3.10/dist-packages/sim_msgs
-- Up-to-date: /home/brock/Documents/Research/ros_ws/install/sim_msgs/local/lib/python3.10/dist-packages/sim_msgs/msg
-- Up-to-date: /home/brock/Documents/Research/ros_ws/install/sim_msgs/local/lib/python3.10/dist-packages/sim_msgs/msg/_filter.py
-- Up-to-date: /home/brock/Documents/Research/ros_ws/install/sim_msgs/local/lib/python3.10/dist-packages/sim_msgs/msg/_joint_torque_s.c
-- Up-to-date: /home/brock/Documents/Research/ros_ws/install/sim_msgs/local/lib/python3.10/dist-packages/sim_msgs/msg/__init__.py
-- Up-to-date: /home/brock/Documents/Research/ros_ws/install/sim_msgs/local/lib/python3.10/dist-packages/sim_msgs/msg/_packet_s.c
-- Up-to-date: /home/brock/Documents/Research/ros_ws/install/sim_msgs/local/lib/python3.10/dist-packages/sim_msgs/msg/_packet.py
-- Up-to-date: /home/brock/Documents/Research/ros_ws/install/sim_msgs/local/lib/python3.10/dist-packages/sim_msgs/msg/_joint_current_s.c
-- Up-to-date: /home/brock/Documents/Research/ros_ws/install/sim_msgs/local/lib/python3.10/dist-packages/sim_msgs/msg/_joint_current.py
-- Up-to-date: /home/brock/Documents/Research/ros_ws/install/sim_msgs/local/lib/python3.10/dist-packages/sim_msgs/msg/_joint_torque.py
-- Up-to-date: /home/brock/Documents/Research/ros_ws/install/sim_msgs/local/lib/python3.10/dist-packages/sim_msgs/msg/_filter_s.c
-- Up-to-date: /home/brock/Documents/Research/ros_ws/install/sim_msgs/local/lib/python3.10/dist-packages/sim_msgs/_sim_msgs_s.ep.rosidl_typesupport_c.c
-- Up-to-date: /home/brock/Documents/Research/ros_ws/install/sim_msgs/local/lib/python3.10/dist-packages/sim_msgs/libsim_msgs__rosidl_generator_py.so
-- Up-to-date: /home/brock/Documents/Research/ros_ws/install/sim_msgs/local/lib/python3.10/dist-packages/sim_msgs/sim_msgs_s__rosidl_typesupport_introspection_c.cpython-310-x86_64-linux-gnu.so
-- Up-to-date: /home/brock/Documents/Research/ros_ws/install/sim_msgs/local/lib/python3.10/dist-packages/sim_msgs/__init__.py
-- Up-to-date: /home/brock/Documents/Research/ros_ws/install/sim_msgs/local/lib/python3.10/dist-packages/sim_msgs/sim_msgs_s__rosidl_typesupport_fastrtps_c.cpython-310-x86_64-linux-gnu.so
-- Up-to-date: /home/brock/Documents/Research/ros_ws/install/sim_msgs/local/lib/python3.10/dist-packages/sim_msgs/sim_msgs_s__rosidl_typesupport_c.cpython-310-x86_64-linux-gnu.so
-- Up-to-date: /home/brock/Documents/Research/ros_ws/install/sim_msgs/local/lib/python3.10/dist-packages/sim_msgs/_sim_msgs_s.ep.rosidl_typesupport_introspection_c.c
-- Up-to-date: /home/brock/Documents/Research/ros_ws/install/sim_msgs/local/lib/python3.10/dist-packages/sim_msgs/_sim_msgs_s.ep.rosidl_typesupport_fastrtps_c.c
Listing '/home/brock/Documents/Research/ros_ws/install/sim_msgs/local/lib/python3.10/dist-packages/sim_msgs'...
Listing '/home/brock/Documents/Research/ros_ws/install/sim_msgs/local/lib/python3.10/dist-packages/sim_msgs/msg'...
-- Up-to-date: /home/brock/Documents/Research/ros_ws/install/sim_msgs/local/lib/python3.10/dist-packages/sim_msgs/sim_msgs_s__rosidl_typesupport_fastrtps_c.cpython-310-x86_64-linux-gnu.so
-- Up-to-date: /home/brock/Documents/Research/ros_ws/install/sim_msgs/local/lib/python3.10/dist-packages/sim_msgs/sim_msgs_s__rosidl_typesupport_introspection_c.cpython-310-x86_64-linux-gnu.so
-- Up-to-date: /home/brock/Documents/Research/ros_ws/install/sim_msgs/local/lib/python3.10/dist-packages/sim_msgs/sim_msgs_s__rosidl_typesupport_c.cpython-310-x86_64-linux-gnu.so
-- Up-to-date: /home/brock/Documents/Research/ros_ws/install/sim_msgs/lib/libsim_msgs__rosidl_generator_py.so
-- Up-to-date: /home/brock/Documents/Research/ros_ws/install/sim_msgs/share/sim_msgs/msg/Packet.idl
-- Up-to-date: /home/brock/Documents/Research/ros_ws/install/sim_msgs/share/sim_msgs/msg/JointCurrent.idl
-- Up-to-date: /home/brock/Documents/Research/ros_ws/install/sim_msgs/share/sim_msgs/msg/JointTorque.idl
-- Up-to-date: /home/brock/Documents/Research/ros_ws/install/sim_msgs/share/sim_msgs/msg/Filter.idl
-- Up-to-date: /home/brock/Documents/Research/ros_ws/install/sim_msgs/share/sim_msgs/msg/Packet.msg
-- Up-to-date: /home/brock/Documents/Research/ros_ws/install/sim_msgs/share/sim_msgs/msg/JointCurrent.msg
-- Up-to-date: /home/brock/Documents/Research/ros_ws/install/sim_msgs/share/sim_msgs/msg/JointTorque.msg
-- Up-to-date: /home/brock/Documents/Research/ros_ws/install/sim_msgs/share/sim_msgs/msg/Filter.msg
-- Up-to-date: /home/brock/Documents/Research/ros_ws/install/sim_msgs/share/ament_index/resource_index/package_run_dependencies/sim_msgs
-- Up-to-date: /home/brock/Documents/Research/ros_ws/install/sim_msgs/share/ament_index/resource_index/parent_prefix_path/sim_msgs
-- Up-to-date: /home/brock/Documents/Research/ros_ws/install/sim_msgs/share/sim_msgs/environment/ament_prefix_path.sh
-- Up-to-date: /home/brock/Documents/Research/ros_ws/install/sim_msgs/share/sim_msgs/environment/ament_prefix_path.dsv
-- Up-to-date: /home/brock/Documents/Research/ros_ws/install/sim_msgs/share/sim_msgs/environment/path.sh
-- Up-to-date: /home/brock/Documents/Research/ros_ws/install/sim_msgs/share/sim_msgs/environment/path.dsv
-- Up-to-date: /home/brock/Documents/Research/ros_ws/install/sim_msgs/share/sim_msgs/local_setup.bash
-- Up-to-date: /home/brock/Documents/Research/ros_ws/install/sim_msgs/share/sim_msgs/local_setup.sh
-- Up-to-date: /home/brock/Documents/Research/ros_ws/install/sim_msgs/share/sim_msgs/local_setup.zsh
-- Up-to-date: /home/brock/Documents/Research/ros_ws/install/sim_msgs/share/sim_msgs/local_setup.dsv
-- Installing: /home/brock/Documents/Research/ros_ws/install/sim_msgs/share/sim_msgs/package.dsv
-- Up-to-date: /home/brock/Documents/Research/ros_ws/install/sim_msgs/share/ament_index/resource_index/packages/sim_msgs
-- Up-to-date: /home/brock/Documents/Research/ros_ws/install/sim_msgs/share/sim_msgs/cmake/export_sim_msgs__rosidl_generator_cExport.cmake
-- Up-to-date: /home/brock/Documents/Research/ros_ws/install/sim_msgs/share/sim_msgs/cmake/export_sim_msgs__rosidl_generator_cExport-noconfig.cmake
-- Up-to-date: /home/brock/Documents/Research/ros_ws/install/sim_msgs/share/sim_msgs/cmake/export_sim_msgs__rosidl_typesupport_fastrtps_cExport.cmake
-- Up-to-date: /home/brock/Documents/Research/ros_ws/install/sim_msgs/share/sim_msgs/cmake/export_sim_msgs__rosidl_typesupport_fastrtps_cExport-noconfig.cmake
-- Up-to-date: /home/brock/Documents/Research/ros_ws/install/sim_msgs/share/sim_msgs/cmake/export_sim_msgs__rosidl_generator_cppExport.cmake
-- Up-to-date: /home/brock/Documents/Research/ros_ws/install/sim_msgs/share/sim_msgs/cmake/export_sim_msgs__rosidl_typesupport_fastrtps_cppExport.cmake
-- Up-to-date: /home/brock/Documents/Research/ros_ws/install/sim_msgs/share/sim_msgs/cmake/export_sim_msgs__rosidl_typesupport_fastrtps_cppExport-noconfig.cmake
-- Up-to-date: /home/brock/Documents/Research/ros_ws/install/sim_msgs/share/sim_msgs/cmake/sim_msgs__rosidl_typesupport_introspection_cExport.cmake
-- Up-to-date: /home/brock/Documents/Research/ros_ws/install/sim_msgs/share/sim_msgs/cmake/sim_msgs__rosidl_typesupport_introspection_cExport-noconfig.cmake
-- Up-to-date: /home/brock/Documents/Research/ros_ws/install/sim_msgs/share/sim_msgs/cmake/sim_msgs__rosidl_typesupport_cExport.cmake
-- Up-to-date: /home/brock/Documents/Research/ros_ws/install/sim_msgs/share/sim_msgs/cmake/sim_msgs__rosidl_typesupport_cExport-noconfig.cmake
-- Up-to-date: /home/brock/Documents/Research/ros_ws/install/sim_msgs/share/sim_msgs/cmake/sim_msgs__rosidl_typesupport_introspection_cppExport.cmake
-- Up-to-date: /home/brock/Documents/Research/ros_ws/install/sim_msgs/share/sim_msgs/cmake/sim_msgs__rosidl_typesupport_introspection_cppExport-noconfig.cmake
-- Up-to-date: /home/brock/Documents/Research/ros_ws/install/sim_msgs/share/sim_msgs/cmake/sim_msgs__rosidl_typesupport_cppExport.cmake
-- Up-to-date: /home/brock/Documents/Research/ros_ws/install/sim_msgs/share/sim_msgs/cmake/sim_msgs__rosidl_typesupport_cppExport-noconfig.cmake
-- Up-to-date: /home/brock/Documents/Research/ros_ws/install/sim_msgs/share/sim_msgs/cmake/export_sim_msgs__rosidl_generator_pyExport.cmake
-- Up-to-date: /home/brock/Documents/Research/ros_ws/install/sim_msgs/share/sim_msgs/cmake/export_sim_msgs__rosidl_generator_pyExport-noconfig.cmake
-- Up-to-date: /home/brock/Documents/Research/ros_ws/install/sim_msgs/share/sim_msgs/cmake/rosidl_cmake-extras.cmake
-- Up-to-date: /home/brock/Documents/Research/ros_ws/install/sim_msgs/share/sim_msgs/cmake/ament_cmake_export_dependencies-extras.cmake
-- Up-to-date: /home/brock/Documents/Research/ros_ws/install/sim_msgs/share/sim_msgs/cmake/ament_cmake_export_include_directories-extras.cmake
-- Up-to-date: /home/brock/Documents/Research/ros_ws/install/sim_msgs/share/sim_msgs/cmake/ament_cmake_export_libraries-extras.cmake
-- Up-to-date: /home/brock/Documents/Research/ros_ws/install/sim_msgs/share/sim_msgs/cmake/ament_cmake_export_targets-extras.cmake
-- Up-to-date: /home/brock/Documents/Research/ros_ws/install/sim_msgs/share/sim_msgs/cmake/rosidl_cmake_export_typesupport_targets-extras.cmake
-- Up-to-date: /home/brock/Documents/Research/ros_ws/install/sim_msgs/share/sim_msgs/cmake/rosidl_cmake_export_typesupport_libraries-extras.cmake
-- Up-to-date: /home/brock/Documents/Research/ros_ws/install/sim_msgs/share/sim_msgs/cmake/sim_msgsConfig.cmake
-- Up-to-date: /home/brock/Documents/Research/ros_ws/install/sim_msgs/share/sim_msgs/cmake/sim_msgsConfig-version.cmake
-- Up-to-date: /home/brock/Documents/Research/ros_ws/install/sim_msgs/share/sim_msgs/package.xml
