-- Install configuration: ""
-- Up-to-date: /home/brock/Documents/Research/ros_ws/install/sim_bringup/share/sim_bringup/launch
-- Up-to-date: /home/brock/Documents/Research/ros_ws/install/sim_bringup/share/sim_bringup/launch/alpha_5_simulator.launch.py
-- Up-to-date: /home/brock/Documents/Research/ros_ws/install/sim_bringup/share/sim_bringup/rviz
-- Up-to-date: /home/brock/Documents/Research/ros_ws/install/sim_bringup/share/sim_bringup/rviz/rviz.rviz
-- Up-to-date: /home/brock/Documents/Research/ros_ws/install/sim_bringup/share/ament_index/resource_index/package_run_dependencies/sim_bringup
-- Up-to-date: /home/brock/Documents/Research/ros_ws/install/sim_bringup/share/ament_index/resource_index/parent_prefix_path/sim_bringup
-- Up-to-date: /home/brock/Documents/Research/ros_ws/install/sim_bringup/share/sim_bringup/environment/ament_prefix_path.sh
-- Up-to-date: /home/brock/Documents/Research/ros_ws/install/sim_bringup/share/sim_bringup/environment/ament_prefix_path.dsv
-- Up-to-date: /home/brock/Documents/Research/ros_ws/install/sim_bringup/share/sim_bringup/environment/path.sh
-- Up-to-date: /home/brock/Documents/Research/ros_ws/install/sim_bringup/share/sim_bringup/environment/path.dsv
-- Up-to-date: /home/brock/Documents/Research/ros_ws/install/sim_bringup/share/sim_bringup/local_setup.bash
-- Up-to-date: /home/brock/Documents/Research/ros_ws/install/sim_bringup/share/sim_bringup/local_setup.sh
-- Up-to-date: /home/brock/Documents/Research/ros_ws/install/sim_bringup/share/sim_bringup/local_setup.zsh
-- Up-to-date: /home/brock/Documents/Research/ros_ws/install/sim_bringup/share/sim_bringup/local_setup.dsv
-- Installing: /home/brock/Documents/Research/ros_ws/install/sim_bringup/share/sim_bringup/package.dsv
-- Up-to-date: /home/brock/Documents/Research/ros_ws/install/sim_bringup/share/ament_index/resource_index/packages/sim_bringup
-- Up-to-date: /home/brock/Documents/Research/ros_ws/install/sim_bringup/share/sim_bringup/cmake/sim_bringupConfig.cmake
-- Up-to-date: /home/brock/Documents/Research/ros_ws/install/sim_bringup/share/sim_bringup/cmake/sim_bringupConfig-version.cmake
-- Up-to-date: /home/brock/Documents/Research/ros_ws/install/sim_bringup/share/sim_bringup/package.xml
