-- Install configuration: ""
-- Up-to-date: /home/brock/Documents/Research/ros_ws/install/sim_alpha_description/share/sim_alpha_description/launch
-- Up-to-date: /home/brock/Documents/Research/ros_ws/install/sim_alpha_description/share/sim_alpha_description/launch/view_alpha_5.launch.py
-- Up-to-date: /home/brock/Documents/Research/ros_ws/install/sim_alpha_description/share/sim_alpha_description/meshes
-- Up-to-date: /home/brock/Documents/Research/ros_ws/install/sim_alpha_description/share/sim_alpha_description/meshes/M2-1-1.stl
-- Up-to-date: /home/brock/Documents/Research/ros_ws/install/sim_alpha_description/share/sim_alpha_description/meshes/end_effectors
-- Up-to-date: /home/brock/Documents/Research/ros_ws/install/sim_alpha_description/share/sim_alpha_description/meshes/end_effectors/RS1-130.stl
-- Up-to-date: /home/brock/Documents/Research/ros_ws/install/sim_alpha_description/share/sim_alpha_description/meshes/end_effectors/RS1-139.stl
-- Up-to-date: /home/brock/Documents/Research/ros_ws/install/sim_alpha_description/share/sim_alpha_description/meshes/end_effectors/RS1-124.stl
-- Up-to-date: /home/brock/Documents/Research/ros_ws/install/sim_alpha_description/share/sim_alpha_description/meshes/M2-1-3.stl
-- Up-to-date: /home/brock/Documents/Research/ros_ws/install/sim_alpha_description/share/sim_alpha_description/meshes/M2.stl
-- Up-to-date: /home/brock/Documents/Research/ros_ws/install/sim_alpha_description/share/sim_alpha_description/meshes/RS1-100-101-123.stl
-- Up-to-date: /home/brock/Documents/Research/ros_ws/install/sim_alpha_description/share/sim_alpha_description/meshes/M3-INLINE.stl
-- Up-to-date: /home/brock/Documents/Research/ros_ws/install/sim_alpha_description/share/sim_alpha_description/rviz
-- Up-to-date: /home/brock/Documents/Research/ros_ws/install/sim_alpha_description/share/sim_alpha_description/rviz/rviz.rviz
-- Up-to-date: /home/brock/Documents/Research/ros_ws/install/sim_alpha_description/share/sim_alpha_description/urdf
-- Up-to-date: /home/brock/Documents/Research/ros_ws/install/sim_alpha_description/share/sim_alpha_description/urdf/alpha_5_visual.urdf.xacro
-- Up-to-date: /home/brock/Documents/Research/ros_ws/install/sim_alpha_description/share/sim_alpha_description/urdf/end_effectors
-- Up-to-date: /home/brock/Documents/Research/ros_ws/install/sim_alpha_description/share/sim_alpha_description/urdf/end_effectors/standard_jaws.urdf.xacro
-- Up-to-date: /home/brock/Documents/Research/ros_ws/install/sim_alpha_description/share/sim_alpha_description/urdf/alpha_5_example.urdf.xacro
-- Up-to-date: /home/brock/Documents/Research/ros_ws/install/sim_alpha_description/share/sim_alpha_description/urdf/alpha_5_robot.urdf
-- Up-to-date: /home/brock/Documents/Research/ros_ws/install/sim_alpha_description/share/sim_alpha_description/urdf/alpha_5_example_visual.urdf.xacro
-- Up-to-date: /home/brock/Documents/Research/ros_ws/install/sim_alpha_description/share/sim_alpha_description/urdf/alpha_5.urdf.xacro
-- Up-to-date: /home/brock/Documents/Research/ros_ws/install/sim_alpha_description/share/sim_alpha_description/casadi
-- Up-to-date: /home/brock/Documents/Research/ros_ws/install/sim_alpha_description/share/sim_alpha_description/casadi/fk.casadi
-- Up-to-date: /home/brock/Documents/Research/ros_ws/install/sim_alpha_description/share/sim_alpha_description/casadi/qddot.casadi
-- Up-to-date: /home/brock/Documents/Research/ros_ws/install/sim_alpha_description/share/ament_index/resource_index/package_run_dependencies/sim_alpha_description
-- Up-to-date: /home/brock/Documents/Research/ros_ws/install/sim_alpha_description/share/ament_index/resource_index/parent_prefix_path/sim_alpha_description
-- Up-to-date: /home/brock/Documents/Research/ros_ws/install/sim_alpha_description/share/sim_alpha_description/environment/ament_prefix_path.sh
-- Up-to-date: /home/brock/Documents/Research/ros_ws/install/sim_alpha_description/share/sim_alpha_description/environment/ament_prefix_path.dsv
-- Up-to-date: /home/brock/Documents/Research/ros_ws/install/sim_alpha_description/share/sim_alpha_description/environment/path.sh
-- Up-to-date: /home/brock/Documents/Research/ros_ws/install/sim_alpha_description/share/sim_alpha_description/environment/path.dsv
-- Up-to-date: /home/brock/Documents/Research/ros_ws/install/sim_alpha_description/share/sim_alpha_description/local_setup.bash
-- Up-to-date: /home/brock/Documents/Research/ros_ws/install/sim_alpha_description/share/sim_alpha_description/local_setup.sh
-- Up-to-date: /home/brock/Documents/Research/ros_ws/install/sim_alpha_description/share/sim_alpha_description/local_setup.zsh
-- Up-to-date: /home/brock/Documents/Research/ros_ws/install/sim_alpha_description/share/sim_alpha_description/local_setup.dsv
-- Installing: /home/brock/Documents/Research/ros_ws/install/sim_alpha_description/share/sim_alpha_description/package.dsv
-- Up-to-date: /home/brock/Documents/Research/ros_ws/install/sim_alpha_description/share/ament_index/resource_index/packages/sim_alpha_description
-- Up-to-date: /home/brock/Documents/Research/ros_ws/install/sim_alpha_description/share/sim_alpha_description/cmake/sim_alpha_descriptionConfig.cmake
-- Up-to-date: /home/brock/Documents/Research/ros_ws/install/sim_alpha_description/share/sim_alpha_description/cmake/sim_alpha_descriptionConfig-version.cmake
-- Up-to-date: /home/brock/Documents/Research/ros_ws/install/sim_alpha_description/share/sim_alpha_description/package.xml
