[0.038s] Invoking command in '/home/brock/Documents/Research/ros_ws/build/sim_alpha_description': CMAKE_PREFIX_PATH=${CMAKE_PREFIX_PATH}:/home/brock/Documents/Research/ros_ws/install/sim_model:/opt/ros/humble CONDA_PROMPT_MODIFIER=(base) /home/brock/.local/bin/cmake --build /home/brock/Documents/Research/ros_ws/build/sim_alpha_description -- -j16 -l16
[0.317s] Invoked command in '/home/brock/Documents/Research/ros_ws/build/sim_alpha_description' returned '0': CMAKE_PREFIX_PATH=${CMAKE_PREFIX_PATH}:/home/brock/Documents/Research/ros_ws/install/sim_model:/opt/ros/humble CONDA_PROMPT_MODIFIER=(base) /home/brock/.local/bin/cmake --build /home/brock/Documents/Research/ros_ws/build/sim_alpha_description -- -j16 -l16
[0.444s] Invoking command in '/home/brock/Documents/Research/ros_ws/build/sim_alpha_description': CMAKE_PREFIX_PATH=${CMAKE_PREFIX_PATH}:/home/brock/Documents/Research/ros_ws/install/sim_model:/opt/ros/humble CONDA_PROMPT_MODIFIER=(base) /home/brock/.local/bin/cmake --install /home/brock/Documents/Research/ros_ws/build/sim_alpha_description
[0.484s] -- Install configuration: ""
[0.484s] -- Up-to-date: /home/brock/Documents/Research/ros_ws/install/sim_alpha_description/share/sim_alpha_description/launch
[0.484s] -- Up-to-date: /home/brock/Documents/Research/ros_ws/install/sim_alpha_description/share/sim_alpha_description/launch/view_alpha_5.launch.py
[0.485s] -- Up-to-date: /home/brock/Documents/Research/ros_ws/install/sim_alpha_description/share/sim_alpha_description/meshes
[0.485s] -- Up-to-date: /home/brock/Documents/Research/ros_ws/install/sim_alpha_description/share/sim_alpha_description/meshes/M2-1-1.stl
[0.485s] -- Up-to-date: /home/brock/Documents/Research/ros_ws/install/sim_alpha_description/share/sim_alpha_description/meshes/end_effectors
[0.485s] -- Up-to-date: /home/brock/Documents/Research/ros_ws/install/sim_alpha_description/share/sim_alpha_description/meshes/end_effectors/RS1-130.stl
[0.485s] -- Up-to-date: /home/brock/Documents/Research/ros_ws/install/sim_alpha_description/share/sim_alpha_description/meshes/end_effectors/RS1-139.stl
[0.485s] -- Up-to-date: /home/brock/Documents/Research/ros_ws/install/sim_alpha_description/share/sim_alpha_description/meshes/end_effectors/RS1-124.stl
[0.485s] -- Up-to-date: /home/brock/Documents/Research/ros_ws/install/sim_alpha_description/share/sim_alpha_description/meshes/M2-1-3.stl
[0.485s] -- Up-to-date: /home/brock/Documents/Research/ros_ws/install/sim_alpha_description/share/sim_alpha_description/meshes/M2.stl
[0.485s] -- Up-to-date: /home/brock/Documents/Research/ros_ws/install/sim_alpha_description/share/sim_alpha_description/meshes/RS1-100-101-123.stl
[0.485s] -- Up-to-date: /home/brock/Documents/Research/ros_ws/install/sim_alpha_description/share/sim_alpha_description/meshes/M3-INLINE.stl
[0.486s] -- Up-to-date: /home/brock/Documents/Research/ros_ws/install/sim_alpha_description/share/sim_alpha_description/rviz
[0.486s] -- Up-to-date: /home/brock/Documents/Research/ros_ws/install/sim_alpha_description/share/sim_alpha_description/rviz/rviz.rviz
[0.486s] -- Up-to-date: /home/brock/Documents/Research/ros_ws/install/sim_alpha_description/share/sim_alpha_description/urdf
[0.486s] -- Up-to-date: /home/brock/Documents/Research/ros_ws/install/sim_alpha_description/share/sim_alpha_description/urdf/alpha_5_visual.urdf.xacro
[0.486s] -- Up-to-date: /home/brock/Documents/Research/ros_ws/install/sim_alpha_description/share/sim_alpha_description/urdf/end_effectors
[0.486s] -- Up-to-date: /home/brock/Documents/Research/ros_ws/install/sim_alpha_description/share/sim_alpha_description/urdf/end_effectors/standard_jaws.urdf.xacro
[0.486s] -- Up-to-date: /home/brock/Documents/Research/ros_ws/install/sim_alpha_description/share/sim_alpha_description/urdf/alpha_5_example.urdf.xacro
[0.486s] -- Up-to-date: /home/brock/Documents/Research/ros_ws/install/sim_alpha_description/share/sim_alpha_description/urdf/alpha_5_robot.urdf
[0.486s] -- Up-to-date: /home/brock/Documents/Research/ros_ws/install/sim_alpha_description/share/sim_alpha_description/urdf/alpha_5_example_visual.urdf.xacro
[0.486s] -- Up-to-date: /home/brock/Documents/Research/ros_ws/install/sim_alpha_description/share/sim_alpha_description/urdf/alpha_5.urdf.xacro
[0.486s] -- Up-to-date: /home/brock/Documents/Research/ros_ws/install/sim_alpha_description/share/sim_alpha_description/casadi
[0.486s] -- Up-to-date: /home/brock/Documents/Research/ros_ws/install/sim_alpha_description/share/sim_alpha_description/casadi/fk.casadi
[0.486s] -- Up-to-date: /home/brock/Documents/Research/ros_ws/install/sim_alpha_description/share/sim_alpha_description/casadi/qddot.casadi
[0.486s] -- Up-to-date: /home/brock/Documents/Research/ros_ws/install/sim_alpha_description/share/ament_index/resource_index/package_run_dependencies/sim_alpha_description
[0.486s] -- Up-to-date: /home/brock/Documents/Research/ros_ws/install/sim_alpha_description/share/ament_index/resource_index/parent_prefix_path/sim_alpha_description
[0.487s] -- Up-to-date: /home/brock/Documents/Research/ros_ws/install/sim_alpha_description/share/sim_alpha_description/environment/ament_prefix_path.sh
[0.487s] -- Up-to-date: /home/brock/Documents/Research/ros_ws/install/sim_alpha_description/share/sim_alpha_description/environment/ament_prefix_path.dsv
[0.487s] -- Up-to-date: /home/brock/Documents/Research/ros_ws/install/sim_alpha_description/share/sim_alpha_description/environment/path.sh
[0.487s] -- Up-to-date: /home/brock/Documents/Research/ros_ws/install/sim_alpha_description/share/sim_alpha_description/environment/path.dsv
[0.487s] -- Up-to-date: /home/brock/Documents/Research/ros_ws/install/sim_alpha_description/share/sim_alpha_description/local_setup.bash
[0.487s] -- Up-to-date: /home/brock/Documents/Research/ros_ws/install/sim_alpha_description/share/sim_alpha_description/local_setup.sh
[0.487s] -- Up-to-date: /home/brock/Documents/Research/ros_ws/install/sim_alpha_description/share/sim_alpha_description/local_setup.zsh
[0.487s] -- Up-to-date: /home/brock/Documents/Research/ros_ws/install/sim_alpha_description/share/sim_alpha_description/local_setup.dsv
[0.487s] -- Installing: /home/brock/Documents/Research/ros_ws/install/sim_alpha_description/share/sim_alpha_description/package.dsv
[0.487s] -- Up-to-date: /home/brock/Documents/Research/ros_ws/install/sim_alpha_description/share/ament_index/resource_index/packages/sim_alpha_description
[0.487s] -- Up-to-date: /home/brock/Documents/Research/ros_ws/install/sim_alpha_description/share/sim_alpha_description/cmake/sim_alpha_descriptionConfig.cmake
[0.487s] -- Up-to-date: /home/brock/Documents/Research/ros_ws/install/sim_alpha_description/share/sim_alpha_description/cmake/sim_alpha_descriptionConfig-version.cmake
[0.487s] -- Up-to-date: /home/brock/Documents/Research/ros_ws/install/sim_alpha_description/share/sim_alpha_description/package.xml
[0.494s] Invoked command in '/home/brock/Documents/Research/ros_ws/build/sim_alpha_description' returned '0': CMAKE_PREFIX_PATH=${CMAKE_PREFIX_PATH}:/home/brock/Documents/Research/ros_ws/install/sim_model:/opt/ros/humble CONDA_PROMPT_MODIFIER=(base) /home/brock/.local/bin/cmake --install /home/brock/Documents/Research/ros_ws/build/sim_alpha_description
