/home/brock/Documents/Research/ros_ws/install/sim_model/lib/python3.10/site-packages/sim_model/kinematicsService.py
/home/brock/Documents/Research/ros_ws/install/sim_model/lib/python3.10/site-packages/sim_model/__init__.py
/home/brock/Documents/Research/ros_ws/install/sim_model/lib/python3.10/site-packages/sim_model/real2Sim_kinematics.py
/home/brock/Documents/Research/ros_ws/install/sim_model/lib/python3.10/site-packages/sim_model/real2Sim_dynamics.py
/home/brock/Documents/Research/ros_ws/install/sim_model/lib/python3.10/site-packages/sim_model/dynamicsService.py
/home/brock/Documents/Research/ros_ws/install/sim_model/lib/python3.10/site-packages/sim_model/__pycache__/kinematicsService.cpython-310.pyc
/home/brock/Documents/Research/ros_ws/install/sim_model/lib/python3.10/site-packages/sim_model/__pycache__/__init__.cpython-310.pyc
/home/brock/Documents/Research/ros_ws/install/sim_model/lib/python3.10/site-packages/sim_model/__pycache__/real2Sim_kinematics.cpython-310.pyc
/home/brock/Documents/Research/ros_ws/install/sim_model/lib/python3.10/site-packages/sim_model/__pycache__/real2Sim_dynamics.cpython-310.pyc
/home/brock/Documents/Research/ros_ws/install/sim_model/lib/python3.10/site-packages/sim_model/__pycache__/dynamicsService.cpython-310.pyc
/home/brock/Documents/Research/ros_ws/install/sim_model/share/ament_index/resource_index/packages/sim_model
/home/brock/Documents/Research/ros_ws/install/sim_model/share/sim_model/package.xml
/home/brock/Documents/Research/ros_ws/install/sim_model/lib/python3.10/site-packages/sim_model-0.0.0-py3.10.egg-info/zip-safe
/home/brock/Documents/Research/ros_ws/install/sim_model/lib/python3.10/site-packages/sim_model-0.0.0-py3.10.egg-info/top_level.txt
/home/brock/Documents/Research/ros_ws/install/sim_model/lib/python3.10/site-packages/sim_model-0.0.0-py3.10.egg-info/requires.txt
/home/brock/Documents/Research/ros_ws/install/sim_model/lib/python3.10/site-packages/sim_model-0.0.0-py3.10.egg-info/entry_points.txt
/home/brock/Documents/Research/ros_ws/install/sim_model/lib/python3.10/site-packages/sim_model-0.0.0-py3.10.egg-info/PKG-INFO
/home/brock/Documents/Research/ros_ws/install/sim_model/lib/python3.10/site-packages/sim_model-0.0.0-py3.10.egg-info/dependency_links.txt
/home/brock/Documents/Research/ros_ws/install/sim_model/lib/python3.10/site-packages/sim_model-0.0.0-py3.10.egg-info/SOURCES.txt
/home/brock/Documents/Research/ros_ws/install/sim_model/lib/sim_model/real2Sim_dynamics
/home/brock/Documents/Research/ros_ws/install/sim_model/lib/sim_model/real2Sim_kinematics
